02-19 19:02:45 com_github_MitjaNemec_ReplicateLayout.action_replicate_layout 392:Plugin executed on: 'win32'
02-19 19:02:45 com_github_MitjaNemec_ReplicateLayout.action_replicate_layout 393:Plugin executed with python version: '3.9.16 (main, Aug  8 2023, 05:38:28) [MSC v.1936 64 bit (AMD64)]'
02-19 19:02:45 com_github_MitjaNemec_ReplicateLayout.action_replicate_layout 394:KiCad build version: 7.0.8
02-19 19:02:45 com_github_MitjaNemec_ReplicateLayout.action_replicate_layout 395:Plugin version: 2.1.3
02-19 19:02:45 com_github_MitjaNemec_ReplicateLayout.action_replicate_layout 396:Frame repr: <wx._core.Frame object at 0x0000022ACA3C0EE0>
02-19 19:02:45 com_github_MitjaNemec_ReplicateLayout.action_replicate_layout 420:Preparing replicator with Q30 as a reference
02-19 19:02:45 com_github_MitjaNemec_ReplicateLayout.replicate_layout 117:getting a list of all footprints on board
02-19 19:02:45 com_github_MitjaNemec_ReplicateLayout.action_replicate_layout 468:source anchor footprint is 'Q30'
Located on: ['SR-Latch1', 'nand_gate']
With filenames: ['C:\\Projects\\sandbox\\Sandbox\\nand_gate\\SR_LATCH.kicad_sch', 'C:\\Projects\\sandbox\\Sandbox\\nand_gate\\nand__gate.kicad_sch']
With sheet_id:['SR-Latch1', 'nand_gate']
02-19 19:02:45 com_github_MitjaNemec_ReplicateLayout.action_replicate_layout 475:Corresponding footprints are 
[('Q60', ['D-Latch2', 'nand_gate3']), ('Q57', ['D-Latch2', 'SR-Latch', 'nand_gate1']), ('Q54', ['D-Latch2', 'nand_gate2']), ('Q51', ['D-Latch2', 'nand_gate4']), ('Q36', ['D-Latch2', 'SR-Latch', 'nand_gate']), ('Q33', ['SR-Latch1', 'nand_gate1']), ('Q30', ['SR-Latch1', 'nand_gate']), ('Q46', ['D-Flip Flop', 'D-Latch1', 'SR-Latch', 'nand_gate1']), ('Q48', ['D-Flip Flop', 'nand_gate6']), ('Q43', ['D-Flip Flop', 'D-Latch1', 'nand_gate2']), ('Q40', ['D-Flip Flop', 'D-Latch', 'nand_gate3']), ('Q27', ['nand_gate7']), ('Q47', ['D-Flip Flop', 'nand_gate5']), ('Q42', ['D-Flip Flop', 'D-Latch1', 'nand_gate4']), ('Q45', ['D-Flip Flop', 'D-Latch1', 'nand_gate3']), ('Q39', ['D-Flip Flop', 'D-Latch', 'nand_gate2']), ('Q44', ['D-Flip Flop', 'D-Latch1', 'SR-Latch', 'nand_gate']), ('Q37', ['D-Flip Flop', 'D-Latch', 'SR-Latch', 'nand_gate']), ('Q38', ['D-Flip Flop', 'D-Latch', 'SR-Latch', 'nand_gate1']), ('Q41', ['D-Flip Flop', 'D-Latch', 'nand_gate4'])]
02-19 19:02:45 com_github_MitjaNemec_ReplicateLayout.action_replicate_layout 487:Showing dialog
02-19 19:02:45 com_github_MitjaNemec_ReplicateLayout.replicate_layout 424:constructing a list of sheets suitable for replication on level:'nand_gate', file:'C:\\Projects\\sandbox\\Sandbox\\nand_gate\\nand__gate.kicad_sch'
02-19 19:02:45 com_github_MitjaNemec_ReplicateLayout.replicate_layout 461:suitable sheets are:[['D-Flip Flop', 'D-Latch', 'SR-Latch', 'nand_gate'], ['D-Flip Flop', 'D-Latch', 'SR-Latch', 'nand_gate1'], ['D-Flip Flop', 'D-Latch', 'nand_gate2'], ['D-Flip Flop', 'D-Latch', 'nand_gate3'], ['D-Flip Flop', 'D-Latch', 'nand_gate4'], ['D-Flip Flop', 'D-Latch1', 'SR-Latch', 'nand_gate'], ['D-Flip Flop', 'D-Latch1', 'SR-Latch', 'nand_gate1'], ['D-Flip Flop', 'D-Latch1', 'nand_gate2'], ['D-Flip Flop', 'D-Latch1', 'nand_gate3'], ['D-Flip Flop', 'D-Latch1', 'nand_gate4'], ['D-Flip Flop', 'nand_gate5'], ['D-Flip Flop', 'nand_gate6'], ['D-Latch2', 'SR-Latch', 'nand_gate'], ['D-Latch2', 'SR-Latch', 'nand_gate1'], ['D-Latch2', 'nand_gate2'], ['D-Latch2', 'nand_gate3'], ['D-Latch2', 'nand_gate4'], ['SR-Latch1', 'nand_gate1'], ['nand_gate7']]
02-19 19:02:45 com_github_MitjaNemec_ReplicateLayout.replicate_layout 1464:Level selected: ['SR-Latch1', 'nand_gate']
02-19 19:02:45 com_github_MitjaNemec_ReplicateLayout.replicate_layout 1299:Filtering list of tracks
02-19 19:02:45 com_github_MitjaNemec_ReplicateLayout.action_replicate_layout 493:Toolbar position: wx.Point(4764, 103)
02-19 19:02:45 com_github_MitjaNemec_ReplicateLayout.action_replicate_layout 498:Dialog position: wx.Point(4325, 103)
02-19 19:02:47 com_github_MitjaNemec_ReplicateLayout.replicate_layout 424:constructing a list of sheets suitable for replication on level:'SR-Latch1', file:'C:\\Projects\\sandbox\\Sandbox\\nand_gate\\SR_LATCH.kicad_sch'
02-19 19:02:47 com_github_MitjaNemec_ReplicateLayout.replicate_layout 461:suitable sheets are:[['D-Flip Flop', 'D-Latch', 'SR-Latch'], ['D-Flip Flop', 'D-Latch1', 'SR-Latch'], ['D-Latch2', 'SR-Latch']]
02-19 19:02:47 com_github_MitjaNemec_ReplicateLayout.replicate_layout 1464:Level selected: ['SR-Latch1']
02-19 19:02:47 com_github_MitjaNemec_ReplicateLayout.replicate_layout 1299:Filtering list of tracks
02-19 19:02:51 com_github_MitjaNemec_ReplicateLayout.replicate_layout 424:constructing a list of sheets suitable for replication on level:'SR-Latch1', file:'C:\\Projects\\sandbox\\Sandbox\\nand_gate\\SR_LATCH.kicad_sch'
02-19 19:02:51 com_github_MitjaNemec_ReplicateLayout.replicate_layout 461:suitable sheets are:[['D-Flip Flop', 'D-Latch', 'SR-Latch'], ['D-Flip Flop', 'D-Latch1', 'SR-Latch'], ['D-Latch2', 'SR-Latch']]
02-19 19:02:51 com_github_MitjaNemec_ReplicateLayout.replicate_layout 1464:Level selected: ['SR-Latch1']
02-19 19:02:51 com_github_MitjaNemec_ReplicateLayout.replicate_layout 1299:Filtering list of tracks
02-19 19:02:51 com_github_MitjaNemec_ReplicateLayout.replicate_layout 1305:Track group: , src group:Replicated Group ['SR-Latch1', 'nand_gate']
02-19 19:02:51 com_github_MitjaNemec_ReplicateLayout.replicate_layout 1305:Track group: , src group:Replicated Group ['SR-Latch1', 'nand_gate']
02-19 19:02:51 com_github_MitjaNemec_ReplicateLayout.replicate_layout 1305:Track group: , src group:Replicated Group ['SR-Latch1', 'nand_gate']
02-19 19:02:51 com_github_MitjaNemec_ReplicateLayout.replicate_layout 1305:Track group: , src group:Replicated Group ['SR-Latch1', 'nand_gate']
02-19 19:02:51 com_github_MitjaNemec_ReplicateLayout.replicate_layout 1305:Track group: , src group:Replicated Group ['SR-Latch1', 'nand_gate']
02-19 19:02:51 com_github_MitjaNemec_ReplicateLayout.replicate_layout 1305:Track group: , src group:Replicated Group ['SR-Latch1', 'nand_gate']
02-19 19:02:51 com_github_MitjaNemec_ReplicateLayout.replicate_layout 1305:Track group: , src group:Replicated Group ['SR-Latch1', 'nand_gate']
02-19 19:02:51 com_github_MitjaNemec_ReplicateLayout.replicate_layout 1305:Track group: , src group:Replicated Group ['SR-Latch1', 'nand_gate']
02-19 19:02:51 com_github_MitjaNemec_ReplicateLayout.replicate_layout 1305:Track group: , src group:Replicated Group ['SR-Latch1', 'nand_gate']
02-19 19:02:51 com_github_MitjaNemec_ReplicateLayout.replicate_layout 1305:Track group: , src group:Replicated Group ['SR-Latch1', 'nand_gate']
02-19 19:02:51 com_github_MitjaNemec_ReplicateLayout.replicate_layout 1305:Track group: , src group:Replicated Group ['SR-Latch1', 'nand_gate']
02-19 19:02:51 com_github_MitjaNemec_ReplicateLayout.replicate_layout 1305:Track group: , src group:Replicated Group ['SR-Latch1', 'nand_gate']
02-19 19:02:51 com_github_MitjaNemec_ReplicateLayout.replicate_layout 1305:Track group: , src group:Replicated Group ['SR-Latch1', 'nand_gate']
02-19 19:02:51 com_github_MitjaNemec_ReplicateLayout.replicate_layout 1305:Track group: , src group:Replicated Group ['SR-Latch1', 'nand_gate']
02-19 19:02:51 com_github_MitjaNemec_ReplicateLayout.replicate_layout 1305:Track group: , src group:Replicated Group ['SR-Latch1', 'nand_gate']
02-19 19:02:51 com_github_MitjaNemec_ReplicateLayout.replicate_layout 1305:Track group: , src group:Replicated Group ['SR-Latch1', 'nand_gate']
02-19 19:02:51 com_github_MitjaNemec_ReplicateLayout.replicate_layout 1305:Track group: , src group:Replicated Group ['SR-Latch1', 'nand_gate']
02-19 19:02:51 com_github_MitjaNemec_ReplicateLayout.replicate_layout 1305:Track group: , src group:Replicated Group ['SR-Latch1', 'nand_gate']
02-19 19:02:51 com_github_MitjaNemec_ReplicateLayout.replicate_layout 1305:Track group: , src group:Replicated Group ['SR-Latch1', 'nand_gate']
02-19 19:02:51 com_github_MitjaNemec_ReplicateLayout.replicate_layout 1305:Track group: , src group:Replicated Group ['SR-Latch1', 'nand_gate']
02-19 19:02:51 com_github_MitjaNemec_ReplicateLayout.replicate_layout 1305:Track group: , src group:Replicated Group ['SR-Latch1', 'nand_gate']
02-19 19:02:51 com_github_MitjaNemec_ReplicateLayout.replicate_layout 1305:Track group: , src group:Replicated Group ['SR-Latch1', 'nand_gate']
02-19 19:02:51 com_github_MitjaNemec_ReplicateLayout.replicate_layout 1305:Track group: , src group:Replicated Group ['SR-Latch1', 'nand_gate']
02-19 19:02:51 com_github_MitjaNemec_ReplicateLayout.replicate_layout 1305:Track group: , src group:Replicated Group ['SR-Latch1', 'nand_gate']
02-19 19:02:51 com_github_MitjaNemec_ReplicateLayout.replicate_layout 1305:Track group: , src group:Replicated Group ['SR-Latch1', 'nand_gate']
02-19 19:02:51 com_github_MitjaNemec_ReplicateLayout.replicate_layout 1305:Track group: , src group:Replicated Group ['SR-Latch1', 'nand_gate']
02-19 19:02:51 com_github_MitjaNemec_ReplicateLayout.replicate_layout 1305:Track group: , src group:Replicated Group ['SR-Latch1', 'nand_gate']
02-19 19:02:51 com_github_MitjaNemec_ReplicateLayout.replicate_layout 1305:Track group: , src group:Replicated Group ['SR-Latch1', 'nand_gate']
02-19 19:02:51 com_github_MitjaNemec_ReplicateLayout.replicate_layout 1305:Track group: , src group:Replicated Group ['SR-Latch1', 'nand_gate']
02-19 19:02:51 com_github_MitjaNemec_ReplicateLayout.replicate_layout 1305:Track group: , src group:Replicated Group ['SR-Latch1', 'nand_gate']
02-19 19:02:51 com_github_MitjaNemec_ReplicateLayout.replicate_layout 1305:Track group: , src group:Replicated Group ['SR-Latch1', 'nand_gate']
02-19 19:02:51 com_github_MitjaNemec_ReplicateLayout.replicate_layout 1305:Track group: , src group:Replicated Group ['SR-Latch1', 'nand_gate']
02-19 19:02:51 com_github_MitjaNemec_ReplicateLayout.replicate_layout 1305:Track group: Replicated Group ['SR-Latch1', 'nand_gate1'], src group:Replicated Group ['SR-Latch1', 'nand_gate']
02-19 19:02:51 com_github_MitjaNemec_ReplicateLayout.replicate_layout 1305:Track group: Replicated Group ['SR-Latch1', 'nand_gate1'], src group:Replicated Group ['SR-Latch1', 'nand_gate']
02-19 19:02:51 com_github_MitjaNemec_ReplicateLayout.replicate_layout 1305:Track group: Replicated Group ['SR-Latch1', 'nand_gate1'], src group:Replicated Group ['SR-Latch1', 'nand_gate']
02-19 19:02:51 com_github_MitjaNemec_ReplicateLayout.replicate_layout 1305:Track group: Replicated Group ['SR-Latch1', 'nand_gate1'], src group:Replicated Group ['SR-Latch1', 'nand_gate']
02-19 19:02:51 com_github_MitjaNemec_ReplicateLayout.replicate_layout 1305:Track group: Replicated Group ['SR-Latch1', 'nand_gate1'], src group:Replicated Group ['SR-Latch1', 'nand_gate']
02-19 19:02:51 com_github_MitjaNemec_ReplicateLayout.replicate_layout 1305:Track group: Replicated Group ['SR-Latch1', 'nand_gate1'], src group:Replicated Group ['SR-Latch1', 'nand_gate']
02-19 19:02:51 com_github_MitjaNemec_ReplicateLayout.replicate_layout 1305:Track group: Replicated Group ['SR-Latch1', 'nand_gate1'], src group:Replicated Group ['SR-Latch1', 'nand_gate']
02-19 19:02:51 com_github_MitjaNemec_ReplicateLayout.replicate_layout 1305:Track group: Replicated Group ['SR-Latch1', 'nand_gate1'], src group:Replicated Group ['SR-Latch1', 'nand_gate']
02-19 19:02:51 com_github_MitjaNemec_ReplicateLayout.replicate_layout 1305:Track group: Replicated Group ['SR-Latch1', 'nand_gate1'], src group:Replicated Group ['SR-Latch1', 'nand_gate']
02-19 19:02:51 com_github_MitjaNemec_ReplicateLayout.replicate_layout 1305:Track group: Replicated Group ['SR-Latch1', 'nand_gate1'], src group:Replicated Group ['SR-Latch1', 'nand_gate']
02-19 19:02:51 com_github_MitjaNemec_ReplicateLayout.replicate_layout 1305:Track group: Replicated Group ['SR-Latch1', 'nand_gate1'], src group:Replicated Group ['SR-Latch1', 'nand_gate']
02-19 19:02:51 com_github_MitjaNemec_ReplicateLayout.replicate_layout 1305:Track group: Replicated Group ['SR-Latch1', 'nand_gate1'], src group:Replicated Group ['SR-Latch1', 'nand_gate']
02-19 19:02:51 com_github_MitjaNemec_ReplicateLayout.replicate_layout 1305:Track group: Replicated Group ['SR-Latch1', 'nand_gate1'], src group:Replicated Group ['SR-Latch1', 'nand_gate']
02-19 19:02:51 com_github_MitjaNemec_ReplicateLayout.replicate_layout 1305:Track group: Replicated Group ['SR-Latch1', 'nand_gate'], src group:Replicated Group ['SR-Latch1', 'nand_gate']
02-19 19:02:51 com_github_MitjaNemec_ReplicateLayout.replicate_layout 1305:Track group: Replicated Group ['SR-Latch1', 'nand_gate'], src group:Replicated Group ['SR-Latch1', 'nand_gate']
02-19 19:02:51 com_github_MitjaNemec_ReplicateLayout.replicate_layout 1305:Track group: Replicated Group ['SR-Latch1', 'nand_gate'], src group:Replicated Group ['SR-Latch1', 'nand_gate']
02-19 19:02:51 com_github_MitjaNemec_ReplicateLayout.replicate_layout 1305:Track group: Replicated Group ['SR-Latch1', 'nand_gate'], src group:Replicated Group ['SR-Latch1', 'nand_gate']
02-19 19:02:51 com_github_MitjaNemec_ReplicateLayout.replicate_layout 1305:Track group: Replicated Group ['SR-Latch1', 'nand_gate'], src group:Replicated Group ['SR-Latch1', 'nand_gate']
02-19 19:02:51 com_github_MitjaNemec_ReplicateLayout.replicate_layout 1305:Track group: Replicated Group ['SR-Latch1', 'nand_gate'], src group:Replicated Group ['SR-Latch1', 'nand_gate']
02-19 19:02:51 com_github_MitjaNemec_ReplicateLayout.replicate_layout 1305:Track group: Replicated Group ['SR-Latch1', 'nand_gate'], src group:Replicated Group ['SR-Latch1', 'nand_gate']
02-19 19:02:51 com_github_MitjaNemec_ReplicateLayout.replicate_layout 1305:Track group: Replicated Group ['SR-Latch1', 'nand_gate'], src group:Replicated Group ['SR-Latch1', 'nand_gate']
02-19 19:02:51 com_github_MitjaNemec_ReplicateLayout.replicate_layout 1305:Track group: Replicated Group ['SR-Latch1', 'nand_gate'], src group:Replicated Group ['SR-Latch1', 'nand_gate']
02-19 19:02:51 com_github_MitjaNemec_ReplicateLayout.replicate_layout 1305:Track group: Replicated Group ['SR-Latch1', 'nand_gate'], src group:Replicated Group ['SR-Latch1', 'nand_gate']
02-19 19:02:51 com_github_MitjaNemec_ReplicateLayout.replicate_layout 1305:Track group: Replicated Group ['SR-Latch1', 'nand_gate'], src group:Replicated Group ['SR-Latch1', 'nand_gate']
02-19 19:02:51 com_github_MitjaNemec_ReplicateLayout.replicate_layout 1305:Track group: Replicated Group ['SR-Latch1', 'nand_gate'], src group:Replicated Group ['SR-Latch1', 'nand_gate']
02-19 19:02:51 com_github_MitjaNemec_ReplicateLayout.replicate_layout 1305:Track group: Replicated Group ['SR-Latch1', 'nand_gate'], src group:Replicated Group ['SR-Latch1', 'nand_gate']
02-19 19:02:51 com_github_MitjaNemec_ReplicateLayout.replicate_layout 1305:Track group: Replicated Group ['D-Latch2', 'nand_gate4'], src group:Replicated Group ['SR-Latch1', 'nand_gate']
02-19 19:02:51 com_github_MitjaNemec_ReplicateLayout.replicate_layout 1305:Track group: Replicated Group ['D-Latch2', 'nand_gate4'], src group:Replicated Group ['SR-Latch1', 'nand_gate']
02-19 19:02:51 com_github_MitjaNemec_ReplicateLayout.replicate_layout 1305:Track group: Replicated Group ['D-Latch2', 'nand_gate4'], src group:Replicated Group ['SR-Latch1', 'nand_gate']
02-19 19:02:51 com_github_MitjaNemec_ReplicateLayout.replicate_layout 1305:Track group: Replicated Group ['D-Latch2', 'nand_gate4'], src group:Replicated Group ['SR-Latch1', 'nand_gate']
02-19 19:02:51 com_github_MitjaNemec_ReplicateLayout.replicate_layout 1305:Track group: Replicated Group ['D-Latch2', 'nand_gate4'], src group:Replicated Group ['SR-Latch1', 'nand_gate']
02-19 19:02:51 com_github_MitjaNemec_ReplicateLayout.replicate_layout 1305:Track group: Replicated Group ['D-Latch2', 'nand_gate4'], src group:Replicated Group ['SR-Latch1', 'nand_gate']
02-19 19:02:51 com_github_MitjaNemec_ReplicateLayout.replicate_layout 1305:Track group: Replicated Group ['D-Latch2', 'nand_gate4'], src group:Replicated Group ['SR-Latch1', 'nand_gate']
02-19 19:02:51 com_github_MitjaNemec_ReplicateLayout.replicate_layout 1305:Track group: Replicated Group ['D-Latch2', 'nand_gate4'], src group:Replicated Group ['SR-Latch1', 'nand_gate']
02-19 19:02:51 com_github_MitjaNemec_ReplicateLayout.replicate_layout 1305:Track group: Replicated Group ['D-Latch2', 'nand_gate4'], src group:Replicated Group ['SR-Latch1', 'nand_gate']
02-19 19:02:51 com_github_MitjaNemec_ReplicateLayout.replicate_layout 1305:Track group: Replicated Group ['D-Latch2', 'nand_gate4'], src group:Replicated Group ['SR-Latch1', 'nand_gate']
02-19 19:02:51 com_github_MitjaNemec_ReplicateLayout.replicate_layout 1305:Track group: Replicated Group ['D-Latch2', 'nand_gate4'], src group:Replicated Group ['SR-Latch1', 'nand_gate']
02-19 19:02:51 com_github_MitjaNemec_ReplicateLayout.replicate_layout 1305:Track group: Replicated Group ['D-Latch2', 'nand_gate4'], src group:Replicated Group ['SR-Latch1', 'nand_gate']
02-19 19:02:51 com_github_MitjaNemec_ReplicateLayout.replicate_layout 1305:Track group: Replicated Group ['D-Latch2', 'nand_gate4'], src group:Replicated Group ['SR-Latch1', 'nand_gate']
02-19 19:02:51 com_github_MitjaNemec_ReplicateLayout.replicate_layout 1305:Track group: Replicated Group ['D-Latch2', 'nand_gate3'], src group:Replicated Group ['SR-Latch1', 'nand_gate']
02-19 19:02:51 com_github_MitjaNemec_ReplicateLayout.replicate_layout 1305:Track group: Replicated Group ['D-Latch2', 'nand_gate3'], src group:Replicated Group ['SR-Latch1', 'nand_gate']
02-19 19:02:51 com_github_MitjaNemec_ReplicateLayout.replicate_layout 1305:Track group: Replicated Group ['D-Latch2', 'nand_gate3'], src group:Replicated Group ['SR-Latch1', 'nand_gate']
02-19 19:02:51 com_github_MitjaNemec_ReplicateLayout.replicate_layout 1305:Track group: Replicated Group ['D-Latch2', 'nand_gate3'], src group:Replicated Group ['SR-Latch1', 'nand_gate']
02-19 19:02:51 com_github_MitjaNemec_ReplicateLayout.replicate_layout 1305:Track group: Replicated Group ['D-Latch2', 'nand_gate3'], src group:Replicated Group ['SR-Latch1', 'nand_gate']
02-19 19:02:51 com_github_MitjaNemec_ReplicateLayout.replicate_layout 1305:Track group: Replicated Group ['D-Latch2', 'nand_gate3'], src group:Replicated Group ['SR-Latch1', 'nand_gate']
02-19 19:02:51 com_github_MitjaNemec_ReplicateLayout.replicate_layout 1305:Track group: Replicated Group ['D-Latch2', 'nand_gate3'], src group:Replicated Group ['SR-Latch1', 'nand_gate']
02-19 19:02:51 com_github_MitjaNemec_ReplicateLayout.replicate_layout 1305:Track group: Replicated Group ['D-Latch2', 'nand_gate3'], src group:Replicated Group ['SR-Latch1', 'nand_gate']
02-19 19:02:51 com_github_MitjaNemec_ReplicateLayout.replicate_layout 1305:Track group: Replicated Group ['D-Latch2', 'nand_gate3'], src group:Replicated Group ['SR-Latch1', 'nand_gate']
02-19 19:02:51 com_github_MitjaNemec_ReplicateLayout.replicate_layout 1305:Track group: Replicated Group ['D-Latch2', 'nand_gate3'], src group:Replicated Group ['SR-Latch1', 'nand_gate']
02-19 19:02:51 com_github_MitjaNemec_ReplicateLayout.replicate_layout 1305:Track group: Replicated Group ['D-Latch2', 'nand_gate3'], src group:Replicated Group ['SR-Latch1', 'nand_gate']
02-19 19:02:51 com_github_MitjaNemec_ReplicateLayout.replicate_layout 1305:Track group: Replicated Group ['D-Latch2', 'nand_gate3'], src group:Replicated Group ['SR-Latch1', 'nand_gate']
02-19 19:02:51 com_github_MitjaNemec_ReplicateLayout.replicate_layout 1305:Track group: Replicated Group ['D-Latch2', 'nand_gate3'], src group:Replicated Group ['SR-Latch1', 'nand_gate']
02-19 19:02:51 com_github_MitjaNemec_ReplicateLayout.replicate_layout 1305:Track group: Replicated Group ['D-Latch2', 'nand_gate2'], src group:Replicated Group ['SR-Latch1', 'nand_gate']
02-19 19:02:51 com_github_MitjaNemec_ReplicateLayout.replicate_layout 1305:Track group: Replicated Group ['D-Latch2', 'nand_gate2'], src group:Replicated Group ['SR-Latch1', 'nand_gate']
02-19 19:02:51 com_github_MitjaNemec_ReplicateLayout.replicate_layout 1305:Track group: Replicated Group ['D-Latch2', 'nand_gate2'], src group:Replicated Group ['SR-Latch1', 'nand_gate']
02-19 19:02:51 com_github_MitjaNemec_ReplicateLayout.replicate_layout 1305:Track group: Replicated Group ['D-Latch2', 'nand_gate2'], src group:Replicated Group ['SR-Latch1', 'nand_gate']
02-19 19:02:51 com_github_MitjaNemec_ReplicateLayout.replicate_layout 1305:Track group: Replicated Group ['D-Latch2', 'nand_gate2'], src group:Replicated Group ['SR-Latch1', 'nand_gate']
02-19 19:02:51 com_github_MitjaNemec_ReplicateLayout.replicate_layout 1305:Track group: Replicated Group ['D-Latch2', 'nand_gate2'], src group:Replicated Group ['SR-Latch1', 'nand_gate']
02-19 19:02:51 com_github_MitjaNemec_ReplicateLayout.replicate_layout 1305:Track group: Replicated Group ['D-Latch2', 'nand_gate2'], src group:Replicated Group ['SR-Latch1', 'nand_gate']
02-19 19:02:51 com_github_MitjaNemec_ReplicateLayout.replicate_layout 1305:Track group: Replicated Group ['D-Latch2', 'nand_gate2'], src group:Replicated Group ['SR-Latch1', 'nand_gate']
02-19 19:02:51 com_github_MitjaNemec_ReplicateLayout.replicate_layout 1305:Track group: Replicated Group ['D-Latch2', 'nand_gate2'], src group:Replicated Group ['SR-Latch1', 'nand_gate']
02-19 19:02:51 com_github_MitjaNemec_ReplicateLayout.replicate_layout 1305:Track group: Replicated Group ['D-Latch2', 'nand_gate2'], src group:Replicated Group ['SR-Latch1', 'nand_gate']
02-19 19:02:51 com_github_MitjaNemec_ReplicateLayout.replicate_layout 1305:Track group: Replicated Group ['D-Latch2', 'nand_gate2'], src group:Replicated Group ['SR-Latch1', 'nand_gate']
02-19 19:02:51 com_github_MitjaNemec_ReplicateLayout.replicate_layout 1305:Track group: Replicated Group ['D-Latch2', 'nand_gate2'], src group:Replicated Group ['SR-Latch1', 'nand_gate']
02-19 19:02:51 com_github_MitjaNemec_ReplicateLayout.replicate_layout 1305:Track group: Replicated Group ['D-Latch2', 'nand_gate2'], src group:Replicated Group ['SR-Latch1', 'nand_gate']
02-19 19:02:51 com_github_MitjaNemec_ReplicateLayout.replicate_layout 1305:Track group: Replicated Group ['D-Latch2', 'SR-Latch', 'nand_gate1'], src group:Replicated Group ['SR-Latch1', 'nand_gate']
02-19 19:02:51 com_github_MitjaNemec_ReplicateLayout.replicate_layout 1305:Track group: Replicated Group ['D-Latch2', 'SR-Latch', 'nand_gate1'], src group:Replicated Group ['SR-Latch1', 'nand_gate']
02-19 19:02:51 com_github_MitjaNemec_ReplicateLayout.replicate_layout 1305:Track group: Replicated Group ['D-Latch2', 'SR-Latch', 'nand_gate1'], src group:Replicated Group ['SR-Latch1', 'nand_gate']
02-19 19:02:51 com_github_MitjaNemec_ReplicateLayout.replicate_layout 1305:Track group: Replicated Group ['D-Latch2', 'SR-Latch', 'nand_gate1'], src group:Replicated Group ['SR-Latch1', 'nand_gate']
02-19 19:02:51 com_github_MitjaNemec_ReplicateLayout.replicate_layout 1305:Track group: Replicated Group ['D-Latch2', 'SR-Latch', 'nand_gate1'], src group:Replicated Group ['SR-Latch1', 'nand_gate']
02-19 19:02:51 com_github_MitjaNemec_ReplicateLayout.replicate_layout 1305:Track group: Replicated Group ['D-Latch2', 'SR-Latch', 'nand_gate1'], src group:Replicated Group ['SR-Latch1', 'nand_gate']
02-19 19:02:51 com_github_MitjaNemec_ReplicateLayout.replicate_layout 1305:Track group: Replicated Group ['D-Latch2', 'SR-Latch', 'nand_gate1'], src group:Replicated Group ['SR-Latch1', 'nand_gate']
02-19 19:02:51 com_github_MitjaNemec_ReplicateLayout.replicate_layout 1305:Track group: Replicated Group ['D-Latch2', 'SR-Latch', 'nand_gate1'], src group:Replicated Group ['SR-Latch1', 'nand_gate']
02-19 19:02:51 com_github_MitjaNemec_ReplicateLayout.replicate_layout 1305:Track group: Replicated Group ['D-Latch2', 'SR-Latch', 'nand_gate1'], src group:Replicated Group ['SR-Latch1', 'nand_gate']
02-19 19:02:51 com_github_MitjaNemec_ReplicateLayout.replicate_layout 1305:Track group: Replicated Group ['D-Latch2', 'SR-Latch', 'nand_gate1'], src group:Replicated Group ['SR-Latch1', 'nand_gate']
02-19 19:02:51 com_github_MitjaNemec_ReplicateLayout.replicate_layout 1305:Track group: Replicated Group ['D-Latch2', 'SR-Latch', 'nand_gate1'], src group:Replicated Group ['SR-Latch1', 'nand_gate']
02-19 19:02:51 com_github_MitjaNemec_ReplicateLayout.replicate_layout 1305:Track group: Replicated Group ['D-Latch2', 'SR-Latch', 'nand_gate1'], src group:Replicated Group ['SR-Latch1', 'nand_gate']
02-19 19:02:51 com_github_MitjaNemec_ReplicateLayout.replicate_layout 1305:Track group: Replicated Group ['D-Latch2', 'SR-Latch', 'nand_gate1'], src group:Replicated Group ['SR-Latch1', 'nand_gate']
02-19 19:02:51 com_github_MitjaNemec_ReplicateLayout.replicate_layout 1305:Track group: Replicated Group ['D-Latch2', 'SR-Latch', 'nand_gate'], src group:Replicated Group ['SR-Latch1', 'nand_gate']
02-19 19:02:51 com_github_MitjaNemec_ReplicateLayout.replicate_layout 1305:Track group: Replicated Group ['D-Latch2', 'SR-Latch', 'nand_gate'], src group:Replicated Group ['SR-Latch1', 'nand_gate']
02-19 19:02:51 com_github_MitjaNemec_ReplicateLayout.replicate_layout 1305:Track group: Replicated Group ['D-Latch2', 'SR-Latch', 'nand_gate'], src group:Replicated Group ['SR-Latch1', 'nand_gate']
02-19 19:02:51 com_github_MitjaNemec_ReplicateLayout.replicate_layout 1305:Track group: Replicated Group ['D-Latch2', 'SR-Latch', 'nand_gate'], src group:Replicated Group ['SR-Latch1', 'nand_gate']
02-19 19:02:51 com_github_MitjaNemec_ReplicateLayout.replicate_layout 1305:Track group: Replicated Group ['D-Latch2', 'SR-Latch', 'nand_gate'], src group:Replicated Group ['SR-Latch1', 'nand_gate']
02-19 19:02:51 com_github_MitjaNemec_ReplicateLayout.replicate_layout 1305:Track group: Replicated Group ['D-Latch2', 'SR-Latch', 'nand_gate'], src group:Replicated Group ['SR-Latch1', 'nand_gate']
02-19 19:02:51 com_github_MitjaNemec_ReplicateLayout.replicate_layout 1305:Track group: Replicated Group ['D-Latch2', 'SR-Latch', 'nand_gate'], src group:Replicated Group ['SR-Latch1', 'nand_gate']
02-19 19:02:51 com_github_MitjaNemec_ReplicateLayout.replicate_layout 1305:Track group: Replicated Group ['D-Latch2', 'SR-Latch', 'nand_gate'], src group:Replicated Group ['SR-Latch1', 'nand_gate']
02-19 19:02:51 com_github_MitjaNemec_ReplicateLayout.replicate_layout 1305:Track group: Replicated Group ['D-Latch2', 'SR-Latch', 'nand_gate'], src group:Replicated Group ['SR-Latch1', 'nand_gate']
02-19 19:02:51 com_github_MitjaNemec_ReplicateLayout.replicate_layout 1305:Track group: Replicated Group ['D-Latch2', 'SR-Latch', 'nand_gate'], src group:Replicated Group ['SR-Latch1', 'nand_gate']
02-19 19:02:51 com_github_MitjaNemec_ReplicateLayout.replicate_layout 1305:Track group: Replicated Group ['D-Latch2', 'SR-Latch', 'nand_gate'], src group:Replicated Group ['SR-Latch1', 'nand_gate']
02-19 19:02:51 com_github_MitjaNemec_ReplicateLayout.replicate_layout 1305:Track group: Replicated Group ['D-Latch2', 'SR-Latch', 'nand_gate'], src group:Replicated Group ['SR-Latch1', 'nand_gate']
02-19 19:02:51 com_github_MitjaNemec_ReplicateLayout.replicate_layout 1305:Track group: Replicated Group ['D-Latch2', 'SR-Latch', 'nand_gate'], src group:Replicated Group ['SR-Latch1', 'nand_gate']
02-19 19:02:51 com_github_MitjaNemec_ReplicateLayout.replicate_layout 1305:Track group: Replicated Group ['D-Flip Flop', 'nand_gate6'], src group:Replicated Group ['SR-Latch1', 'nand_gate']
02-19 19:02:51 com_github_MitjaNemec_ReplicateLayout.replicate_layout 1305:Track group: Replicated Group ['D-Flip Flop', 'nand_gate6'], src group:Replicated Group ['SR-Latch1', 'nand_gate']
02-19 19:02:51 com_github_MitjaNemec_ReplicateLayout.replicate_layout 1305:Track group: Replicated Group ['D-Flip Flop', 'nand_gate6'], src group:Replicated Group ['SR-Latch1', 'nand_gate']
02-19 19:02:51 com_github_MitjaNemec_ReplicateLayout.replicate_layout 1305:Track group: Replicated Group ['D-Flip Flop', 'nand_gate6'], src group:Replicated Group ['SR-Latch1', 'nand_gate']
02-19 19:02:51 com_github_MitjaNemec_ReplicateLayout.replicate_layout 1305:Track group: Replicated Group ['D-Flip Flop', 'nand_gate6'], src group:Replicated Group ['SR-Latch1', 'nand_gate']
02-19 19:02:51 com_github_MitjaNemec_ReplicateLayout.replicate_layout 1305:Track group: Replicated Group ['D-Flip Flop', 'nand_gate6'], src group:Replicated Group ['SR-Latch1', 'nand_gate']
02-19 19:02:51 com_github_MitjaNemec_ReplicateLayout.replicate_layout 1305:Track group: Replicated Group ['D-Flip Flop', 'nand_gate6'], src group:Replicated Group ['SR-Latch1', 'nand_gate']
02-19 19:02:51 com_github_MitjaNemec_ReplicateLayout.replicate_layout 1305:Track group: Replicated Group ['D-Flip Flop', 'nand_gate6'], src group:Replicated Group ['SR-Latch1', 'nand_gate']
02-19 19:02:51 com_github_MitjaNemec_ReplicateLayout.replicate_layout 1305:Track group: Replicated Group ['D-Flip Flop', 'nand_gate6'], src group:Replicated Group ['SR-Latch1', 'nand_gate']
02-19 19:02:51 com_github_MitjaNemec_ReplicateLayout.replicate_layout 1305:Track group: Replicated Group ['D-Flip Flop', 'nand_gate6'], src group:Replicated Group ['SR-Latch1', 'nand_gate']
02-19 19:02:51 com_github_MitjaNemec_ReplicateLayout.replicate_layout 1305:Track group: Replicated Group ['D-Flip Flop', 'nand_gate6'], src group:Replicated Group ['SR-Latch1', 'nand_gate']
02-19 19:02:51 com_github_MitjaNemec_ReplicateLayout.replicate_layout 1305:Track group: Replicated Group ['D-Flip Flop', 'nand_gate6'], src group:Replicated Group ['SR-Latch1', 'nand_gate']
02-19 19:02:51 com_github_MitjaNemec_ReplicateLayout.replicate_layout 1305:Track group: Replicated Group ['D-Flip Flop', 'nand_gate6'], src group:Replicated Group ['SR-Latch1', 'nand_gate']
02-19 19:02:51 com_github_MitjaNemec_ReplicateLayout.replicate_layout 1305:Track group: Replicated Group ['D-Flip Flop', 'nand_gate5'], src group:Replicated Group ['SR-Latch1', 'nand_gate']
02-19 19:02:51 com_github_MitjaNemec_ReplicateLayout.replicate_layout 1305:Track group: Replicated Group ['D-Flip Flop', 'nand_gate5'], src group:Replicated Group ['SR-Latch1', 'nand_gate']
02-19 19:02:51 com_github_MitjaNemec_ReplicateLayout.replicate_layout 1305:Track group: Replicated Group ['D-Flip Flop', 'nand_gate5'], src group:Replicated Group ['SR-Latch1', 'nand_gate']
02-19 19:02:51 com_github_MitjaNemec_ReplicateLayout.replicate_layout 1305:Track group: Replicated Group ['D-Flip Flop', 'nand_gate5'], src group:Replicated Group ['SR-Latch1', 'nand_gate']
02-19 19:02:51 com_github_MitjaNemec_ReplicateLayout.replicate_layout 1305:Track group: Replicated Group ['D-Flip Flop', 'nand_gate5'], src group:Replicated Group ['SR-Latch1', 'nand_gate']
02-19 19:02:51 com_github_MitjaNemec_ReplicateLayout.replicate_layout 1305:Track group: Replicated Group ['D-Flip Flop', 'nand_gate5'], src group:Replicated Group ['SR-Latch1', 'nand_gate']
02-19 19:02:51 com_github_MitjaNemec_ReplicateLayout.replicate_layout 1305:Track group: Replicated Group ['D-Flip Flop', 'nand_gate5'], src group:Replicated Group ['SR-Latch1', 'nand_gate']
02-19 19:02:51 com_github_MitjaNemec_ReplicateLayout.replicate_layout 1305:Track group: Replicated Group ['D-Flip Flop', 'nand_gate5'], src group:Replicated Group ['SR-Latch1', 'nand_gate']
02-19 19:02:51 com_github_MitjaNemec_ReplicateLayout.replicate_layout 1305:Track group: Replicated Group ['D-Flip Flop', 'nand_gate5'], src group:Replicated Group ['SR-Latch1', 'nand_gate']
02-19 19:02:51 com_github_MitjaNemec_ReplicateLayout.replicate_layout 1305:Track group: Replicated Group ['D-Flip Flop', 'nand_gate5'], src group:Replicated Group ['SR-Latch1', 'nand_gate']
02-19 19:02:51 com_github_MitjaNemec_ReplicateLayout.replicate_layout 1305:Track group: Replicated Group ['D-Flip Flop', 'nand_gate5'], src group:Replicated Group ['SR-Latch1', 'nand_gate']
02-19 19:02:51 com_github_MitjaNemec_ReplicateLayout.replicate_layout 1305:Track group: Replicated Group ['D-Flip Flop', 'nand_gate5'], src group:Replicated Group ['SR-Latch1', 'nand_gate']
02-19 19:02:51 com_github_MitjaNemec_ReplicateLayout.replicate_layout 1305:Track group: Replicated Group ['D-Flip Flop', 'nand_gate5'], src group:Replicated Group ['SR-Latch1', 'nand_gate']
02-19 19:02:51 com_github_MitjaNemec_ReplicateLayout.replicate_layout 1305:Track group: Replicated Group ['D-Flip Flop', 'D-Latch1', 'nand_gate4'], src group:Replicated Group ['SR-Latch1', 'nand_gate']
02-19 19:02:51 com_github_MitjaNemec_ReplicateLayout.replicate_layout 1305:Track group: Replicated Group ['D-Flip Flop', 'D-Latch1', 'nand_gate4'], src group:Replicated Group ['SR-Latch1', 'nand_gate']
02-19 19:02:51 com_github_MitjaNemec_ReplicateLayout.replicate_layout 1305:Track group: Replicated Group ['D-Flip Flop', 'D-Latch1', 'nand_gate4'], src group:Replicated Group ['SR-Latch1', 'nand_gate']
02-19 19:02:51 com_github_MitjaNemec_ReplicateLayout.replicate_layout 1305:Track group: Replicated Group ['D-Flip Flop', 'D-Latch1', 'nand_gate4'], src group:Replicated Group ['SR-Latch1', 'nand_gate']
02-19 19:02:51 com_github_MitjaNemec_ReplicateLayout.replicate_layout 1305:Track group: Replicated Group ['D-Flip Flop', 'D-Latch1', 'nand_gate4'], src group:Replicated Group ['SR-Latch1', 'nand_gate']
02-19 19:02:51 com_github_MitjaNemec_ReplicateLayout.replicate_layout 1305:Track group: Replicated Group ['D-Flip Flop', 'D-Latch1', 'nand_gate4'], src group:Replicated Group ['SR-Latch1', 'nand_gate']
02-19 19:02:51 com_github_MitjaNemec_ReplicateLayout.replicate_layout 1305:Track group: Replicated Group ['D-Flip Flop', 'D-Latch1', 'nand_gate4'], src group:Replicated Group ['SR-Latch1', 'nand_gate']
02-19 19:02:51 com_github_MitjaNemec_ReplicateLayout.replicate_layout 1305:Track group: Replicated Group ['D-Flip Flop', 'D-Latch1', 'nand_gate4'], src group:Replicated Group ['SR-Latch1', 'nand_gate']
02-19 19:02:51 com_github_MitjaNemec_ReplicateLayout.replicate_layout 1305:Track group: Replicated Group ['D-Flip Flop', 'D-Latch1', 'nand_gate4'], src group:Replicated Group ['SR-Latch1', 'nand_gate']
02-19 19:02:51 com_github_MitjaNemec_ReplicateLayout.replicate_layout 1305:Track group: Replicated Group ['D-Flip Flop', 'D-Latch1', 'nand_gate4'], src group:Replicated Group ['SR-Latch1', 'nand_gate']
02-19 19:02:51 com_github_MitjaNemec_ReplicateLayout.replicate_layout 1305:Track group: Replicated Group ['D-Flip Flop', 'D-Latch1', 'nand_gate4'], src group:Replicated Group ['SR-Latch1', 'nand_gate']
02-19 19:02:51 com_github_MitjaNemec_ReplicateLayout.replicate_layout 1305:Track group: Replicated Group ['D-Flip Flop', 'D-Latch1', 'nand_gate4'], src group:Replicated Group ['SR-Latch1', 'nand_gate']
02-19 19:02:51 com_github_MitjaNemec_ReplicateLayout.replicate_layout 1305:Track group: Replicated Group ['D-Flip Flop', 'D-Latch1', 'nand_gate4'], src group:Replicated Group ['SR-Latch1', 'nand_gate']
02-19 19:02:51 com_github_MitjaNemec_ReplicateLayout.replicate_layout 1305:Track group: Replicated Group ['D-Flip Flop', 'D-Latch1', 'nand_gate3'], src group:Replicated Group ['SR-Latch1', 'nand_gate']
02-19 19:02:51 com_github_MitjaNemec_ReplicateLayout.replicate_layout 1305:Track group: Replicated Group ['D-Flip Flop', 'D-Latch1', 'nand_gate3'], src group:Replicated Group ['SR-Latch1', 'nand_gate']
02-19 19:02:51 com_github_MitjaNemec_ReplicateLayout.replicate_layout 1305:Track group: Replicated Group ['D-Flip Flop', 'D-Latch1', 'nand_gate3'], src group:Replicated Group ['SR-Latch1', 'nand_gate']
02-19 19:02:51 com_github_MitjaNemec_ReplicateLayout.replicate_layout 1305:Track group: Replicated Group ['D-Flip Flop', 'D-Latch1', 'nand_gate3'], src group:Replicated Group ['SR-Latch1', 'nand_gate']
02-19 19:02:51 com_github_MitjaNemec_ReplicateLayout.replicate_layout 1305:Track group: Replicated Group ['D-Flip Flop', 'D-Latch1', 'nand_gate3'], src group:Replicated Group ['SR-Latch1', 'nand_gate']
02-19 19:02:51 com_github_MitjaNemec_ReplicateLayout.replicate_layout 1305:Track group: Replicated Group ['D-Flip Flop', 'D-Latch1', 'nand_gate3'], src group:Replicated Group ['SR-Latch1', 'nand_gate']
02-19 19:02:51 com_github_MitjaNemec_ReplicateLayout.replicate_layout 1305:Track group: Replicated Group ['D-Flip Flop', 'D-Latch1', 'nand_gate3'], src group:Replicated Group ['SR-Latch1', 'nand_gate']
02-19 19:02:51 com_github_MitjaNemec_ReplicateLayout.replicate_layout 1305:Track group: Replicated Group ['D-Flip Flop', 'D-Latch1', 'nand_gate3'], src group:Replicated Group ['SR-Latch1', 'nand_gate']
02-19 19:02:51 com_github_MitjaNemec_ReplicateLayout.replicate_layout 1305:Track group: Replicated Group ['D-Flip Flop', 'D-Latch1', 'nand_gate3'], src group:Replicated Group ['SR-Latch1', 'nand_gate']
02-19 19:02:51 com_github_MitjaNemec_ReplicateLayout.replicate_layout 1305:Track group: Replicated Group ['D-Flip Flop', 'D-Latch1', 'nand_gate3'], src group:Replicated Group ['SR-Latch1', 'nand_gate']
02-19 19:02:51 com_github_MitjaNemec_ReplicateLayout.replicate_layout 1305:Track group: Replicated Group ['D-Flip Flop', 'D-Latch1', 'nand_gate3'], src group:Replicated Group ['SR-Latch1', 'nand_gate']
02-19 19:02:51 com_github_MitjaNemec_ReplicateLayout.replicate_layout 1305:Track group: Replicated Group ['D-Flip Flop', 'D-Latch1', 'nand_gate3'], src group:Replicated Group ['SR-Latch1', 'nand_gate']
02-19 19:02:51 com_github_MitjaNemec_ReplicateLayout.replicate_layout 1305:Track group: Replicated Group ['D-Flip Flop', 'D-Latch1', 'nand_gate3'], src group:Replicated Group ['SR-Latch1', 'nand_gate']
02-19 19:02:51 com_github_MitjaNemec_ReplicateLayout.replicate_layout 1305:Track group: Replicated Group ['D-Flip Flop', 'D-Latch1', 'nand_gate2'], src group:Replicated Group ['SR-Latch1', 'nand_gate']
02-19 19:02:51 com_github_MitjaNemec_ReplicateLayout.replicate_layout 1305:Track group: Replicated Group ['D-Flip Flop', 'D-Latch1', 'nand_gate2'], src group:Replicated Group ['SR-Latch1', 'nand_gate']
02-19 19:02:51 com_github_MitjaNemec_ReplicateLayout.replicate_layout 1305:Track group: Replicated Group ['D-Flip Flop', 'D-Latch1', 'nand_gate2'], src group:Replicated Group ['SR-Latch1', 'nand_gate']
02-19 19:02:51 com_github_MitjaNemec_ReplicateLayout.replicate_layout 1305:Track group: Replicated Group ['D-Flip Flop', 'D-Latch1', 'nand_gate2'], src group:Replicated Group ['SR-Latch1', 'nand_gate']
02-19 19:02:51 com_github_MitjaNemec_ReplicateLayout.replicate_layout 1305:Track group: Replicated Group ['D-Flip Flop', 'D-Latch1', 'nand_gate2'], src group:Replicated Group ['SR-Latch1', 'nand_gate']
02-19 19:02:51 com_github_MitjaNemec_ReplicateLayout.replicate_layout 1305:Track group: Replicated Group ['D-Flip Flop', 'D-Latch1', 'nand_gate2'], src group:Replicated Group ['SR-Latch1', 'nand_gate']
02-19 19:02:51 com_github_MitjaNemec_ReplicateLayout.replicate_layout 1305:Track group: Replicated Group ['D-Flip Flop', 'D-Latch1', 'nand_gate2'], src group:Replicated Group ['SR-Latch1', 'nand_gate']
02-19 19:02:51 com_github_MitjaNemec_ReplicateLayout.replicate_layout 1305:Track group: Replicated Group ['D-Flip Flop', 'D-Latch1', 'nand_gate2'], src group:Replicated Group ['SR-Latch1', 'nand_gate']
02-19 19:02:51 com_github_MitjaNemec_ReplicateLayout.replicate_layout 1305:Track group: Replicated Group ['D-Flip Flop', 'D-Latch1', 'nand_gate2'], src group:Replicated Group ['SR-Latch1', 'nand_gate']
02-19 19:02:51 com_github_MitjaNemec_ReplicateLayout.replicate_layout 1305:Track group: Replicated Group ['D-Flip Flop', 'D-Latch1', 'nand_gate2'], src group:Replicated Group ['SR-Latch1', 'nand_gate']
02-19 19:02:51 com_github_MitjaNemec_ReplicateLayout.replicate_layout 1305:Track group: Replicated Group ['D-Flip Flop', 'D-Latch1', 'nand_gate2'], src group:Replicated Group ['SR-Latch1', 'nand_gate']
02-19 19:02:51 com_github_MitjaNemec_ReplicateLayout.replicate_layout 1305:Track group: Replicated Group ['D-Flip Flop', 'D-Latch1', 'nand_gate2'], src group:Replicated Group ['SR-Latch1', 'nand_gate']
02-19 19:02:51 com_github_MitjaNemec_ReplicateLayout.replicate_layout 1305:Track group: Replicated Group ['D-Flip Flop', 'D-Latch1', 'nand_gate2'], src group:Replicated Group ['SR-Latch1', 'nand_gate']
02-19 19:02:51 com_github_MitjaNemec_ReplicateLayout.replicate_layout 1305:Track group: Replicated Group ['D-Flip Flop', 'D-Latch1', 'SR-Latch', 'nand_gate1'], src group:Replicated Group ['SR-Latch1', 'nand_gate']
02-19 19:02:51 com_github_MitjaNemec_ReplicateLayout.replicate_layout 1305:Track group: Replicated Group ['D-Flip Flop', 'D-Latch1', 'SR-Latch', 'nand_gate1'], src group:Replicated Group ['SR-Latch1', 'nand_gate']
02-19 19:02:51 com_github_MitjaNemec_ReplicateLayout.replicate_layout 1305:Track group: Replicated Group ['D-Flip Flop', 'D-Latch1', 'SR-Latch', 'nand_gate1'], src group:Replicated Group ['SR-Latch1', 'nand_gate']
02-19 19:02:51 com_github_MitjaNemec_ReplicateLayout.replicate_layout 1305:Track group: Replicated Group ['D-Flip Flop', 'D-Latch1', 'SR-Latch', 'nand_gate1'], src group:Replicated Group ['SR-Latch1', 'nand_gate']
02-19 19:02:51 com_github_MitjaNemec_ReplicateLayout.replicate_layout 1305:Track group: Replicated Group ['D-Flip Flop', 'D-Latch1', 'SR-Latch', 'nand_gate1'], src group:Replicated Group ['SR-Latch1', 'nand_gate']
02-19 19:02:51 com_github_MitjaNemec_ReplicateLayout.replicate_layout 1305:Track group: Replicated Group ['D-Flip Flop', 'D-Latch1', 'SR-Latch', 'nand_gate1'], src group:Replicated Group ['SR-Latch1', 'nand_gate']
02-19 19:02:51 com_github_MitjaNemec_ReplicateLayout.replicate_layout 1305:Track group: Replicated Group ['D-Flip Flop', 'D-Latch1', 'SR-Latch', 'nand_gate1'], src group:Replicated Group ['SR-Latch1', 'nand_gate']
02-19 19:02:51 com_github_MitjaNemec_ReplicateLayout.replicate_layout 1305:Track group: Replicated Group ['D-Flip Flop', 'D-Latch1', 'SR-Latch', 'nand_gate1'], src group:Replicated Group ['SR-Latch1', 'nand_gate']
02-19 19:02:51 com_github_MitjaNemec_ReplicateLayout.replicate_layout 1305:Track group: Replicated Group ['D-Flip Flop', 'D-Latch1', 'SR-Latch', 'nand_gate1'], src group:Replicated Group ['SR-Latch1', 'nand_gate']
02-19 19:02:51 com_github_MitjaNemec_ReplicateLayout.replicate_layout 1305:Track group: Replicated Group ['D-Flip Flop', 'D-Latch1', 'SR-Latch', 'nand_gate1'], src group:Replicated Group ['SR-Latch1', 'nand_gate']
02-19 19:02:51 com_github_MitjaNemec_ReplicateLayout.replicate_layout 1305:Track group: Replicated Group ['D-Flip Flop', 'D-Latch1', 'SR-Latch', 'nand_gate1'], src group:Replicated Group ['SR-Latch1', 'nand_gate']
02-19 19:02:51 com_github_MitjaNemec_ReplicateLayout.replicate_layout 1305:Track group: Replicated Group ['D-Flip Flop', 'D-Latch1', 'SR-Latch', 'nand_gate1'], src group:Replicated Group ['SR-Latch1', 'nand_gate']
02-19 19:02:51 com_github_MitjaNemec_ReplicateLayout.replicate_layout 1305:Track group: Replicated Group ['D-Flip Flop', 'D-Latch1', 'SR-Latch', 'nand_gate1'], src group:Replicated Group ['SR-Latch1', 'nand_gate']
02-19 19:02:51 com_github_MitjaNemec_ReplicateLayout.replicate_layout 1305:Track group: Replicated Group ['D-Flip Flop', 'D-Latch1', 'SR-Latch', 'nand_gate'], src group:Replicated Group ['SR-Latch1', 'nand_gate']
02-19 19:02:51 com_github_MitjaNemec_ReplicateLayout.replicate_layout 1305:Track group: Replicated Group ['D-Flip Flop', 'D-Latch1', 'SR-Latch', 'nand_gate'], src group:Replicated Group ['SR-Latch1', 'nand_gate']
02-19 19:02:51 com_github_MitjaNemec_ReplicateLayout.replicate_layout 1305:Track group: Replicated Group ['D-Flip Flop', 'D-Latch1', 'SR-Latch', 'nand_gate'], src group:Replicated Group ['SR-Latch1', 'nand_gate']
02-19 19:02:51 com_github_MitjaNemec_ReplicateLayout.replicate_layout 1305:Track group: Replicated Group ['D-Flip Flop', 'D-Latch1', 'SR-Latch', 'nand_gate'], src group:Replicated Group ['SR-Latch1', 'nand_gate']
02-19 19:02:51 com_github_MitjaNemec_ReplicateLayout.replicate_layout 1305:Track group: Replicated Group ['D-Flip Flop', 'D-Latch1', 'SR-Latch', 'nand_gate'], src group:Replicated Group ['SR-Latch1', 'nand_gate']
02-19 19:02:51 com_github_MitjaNemec_ReplicateLayout.replicate_layout 1305:Track group: Replicated Group ['D-Flip Flop', 'D-Latch1', 'SR-Latch', 'nand_gate'], src group:Replicated Group ['SR-Latch1', 'nand_gate']
02-19 19:02:51 com_github_MitjaNemec_ReplicateLayout.replicate_layout 1305:Track group: Replicated Group ['D-Flip Flop', 'D-Latch1', 'SR-Latch', 'nand_gate'], src group:Replicated Group ['SR-Latch1', 'nand_gate']
02-19 19:02:51 com_github_MitjaNemec_ReplicateLayout.replicate_layout 1305:Track group: Replicated Group ['D-Flip Flop', 'D-Latch1', 'SR-Latch', 'nand_gate'], src group:Replicated Group ['SR-Latch1', 'nand_gate']
02-19 19:02:51 com_github_MitjaNemec_ReplicateLayout.replicate_layout 1305:Track group: Replicated Group ['D-Flip Flop', 'D-Latch1', 'SR-Latch', 'nand_gate'], src group:Replicated Group ['SR-Latch1', 'nand_gate']
02-19 19:02:51 com_github_MitjaNemec_ReplicateLayout.replicate_layout 1305:Track group: Replicated Group ['D-Flip Flop', 'D-Latch1', 'SR-Latch', 'nand_gate'], src group:Replicated Group ['SR-Latch1', 'nand_gate']
02-19 19:02:51 com_github_MitjaNemec_ReplicateLayout.replicate_layout 1305:Track group: Replicated Group ['D-Flip Flop', 'D-Latch1', 'SR-Latch', 'nand_gate'], src group:Replicated Group ['SR-Latch1', 'nand_gate']
02-19 19:02:51 com_github_MitjaNemec_ReplicateLayout.replicate_layout 1305:Track group: Replicated Group ['D-Flip Flop', 'D-Latch1', 'SR-Latch', 'nand_gate'], src group:Replicated Group ['SR-Latch1', 'nand_gate']
02-19 19:02:51 com_github_MitjaNemec_ReplicateLayout.replicate_layout 1305:Track group: Replicated Group ['D-Flip Flop', 'D-Latch1', 'SR-Latch', 'nand_gate'], src group:Replicated Group ['SR-Latch1', 'nand_gate']
02-19 19:02:51 com_github_MitjaNemec_ReplicateLayout.replicate_layout 1305:Track group: Replicated Group ['D-Flip Flop', 'D-Latch', 'nand_gate4'], src group:Replicated Group ['SR-Latch1', 'nand_gate']
02-19 19:02:51 com_github_MitjaNemec_ReplicateLayout.replicate_layout 1305:Track group: Replicated Group ['D-Flip Flop', 'D-Latch', 'nand_gate4'], src group:Replicated Group ['SR-Latch1', 'nand_gate']
02-19 19:02:51 com_github_MitjaNemec_ReplicateLayout.replicate_layout 1305:Track group: Replicated Group ['D-Flip Flop', 'D-Latch', 'nand_gate4'], src group:Replicated Group ['SR-Latch1', 'nand_gate']
02-19 19:02:51 com_github_MitjaNemec_ReplicateLayout.replicate_layout 1305:Track group: Replicated Group ['D-Flip Flop', 'D-Latch', 'nand_gate4'], src group:Replicated Group ['SR-Latch1', 'nand_gate']
02-19 19:02:51 com_github_MitjaNemec_ReplicateLayout.replicate_layout 1305:Track group: Replicated Group ['D-Flip Flop', 'D-Latch', 'nand_gate4'], src group:Replicated Group ['SR-Latch1', 'nand_gate']
02-19 19:02:51 com_github_MitjaNemec_ReplicateLayout.replicate_layout 1305:Track group: Replicated Group ['D-Flip Flop', 'D-Latch', 'nand_gate4'], src group:Replicated Group ['SR-Latch1', 'nand_gate']
02-19 19:02:51 com_github_MitjaNemec_ReplicateLayout.replicate_layout 1305:Track group: Replicated Group ['D-Flip Flop', 'D-Latch', 'nand_gate4'], src group:Replicated Group ['SR-Latch1', 'nand_gate']
02-19 19:02:51 com_github_MitjaNemec_ReplicateLayout.replicate_layout 1305:Track group: Replicated Group ['D-Flip Flop', 'D-Latch', 'nand_gate4'], src group:Replicated Group ['SR-Latch1', 'nand_gate']
02-19 19:02:51 com_github_MitjaNemec_ReplicateLayout.replicate_layout 1305:Track group: Replicated Group ['D-Flip Flop', 'D-Latch', 'nand_gate4'], src group:Replicated Group ['SR-Latch1', 'nand_gate']
02-19 19:02:51 com_github_MitjaNemec_ReplicateLayout.replicate_layout 1305:Track group: Replicated Group ['D-Flip Flop', 'D-Latch', 'nand_gate4'], src group:Replicated Group ['SR-Latch1', 'nand_gate']
02-19 19:02:51 com_github_MitjaNemec_ReplicateLayout.replicate_layout 1305:Track group: Replicated Group ['D-Flip Flop', 'D-Latch', 'nand_gate4'], src group:Replicated Group ['SR-Latch1', 'nand_gate']
02-19 19:02:51 com_github_MitjaNemec_ReplicateLayout.replicate_layout 1305:Track group: Replicated Group ['D-Flip Flop', 'D-Latch', 'nand_gate4'], src group:Replicated Group ['SR-Latch1', 'nand_gate']
02-19 19:02:51 com_github_MitjaNemec_ReplicateLayout.replicate_layout 1305:Track group: Replicated Group ['D-Flip Flop', 'D-Latch', 'nand_gate4'], src group:Replicated Group ['SR-Latch1', 'nand_gate']
02-19 19:02:51 com_github_MitjaNemec_ReplicateLayout.replicate_layout 1305:Track group: Replicated Group ['D-Flip Flop', 'D-Latch', 'nand_gate3'], src group:Replicated Group ['SR-Latch1', 'nand_gate']
02-19 19:02:51 com_github_MitjaNemec_ReplicateLayout.replicate_layout 1305:Track group: Replicated Group ['D-Flip Flop', 'D-Latch', 'nand_gate3'], src group:Replicated Group ['SR-Latch1', 'nand_gate']
02-19 19:02:51 com_github_MitjaNemec_ReplicateLayout.replicate_layout 1305:Track group: Replicated Group ['D-Flip Flop', 'D-Latch', 'nand_gate3'], src group:Replicated Group ['SR-Latch1', 'nand_gate']
02-19 19:02:51 com_github_MitjaNemec_ReplicateLayout.replicate_layout 1305:Track group: Replicated Group ['D-Flip Flop', 'D-Latch', 'nand_gate3'], src group:Replicated Group ['SR-Latch1', 'nand_gate']
02-19 19:02:51 com_github_MitjaNemec_ReplicateLayout.replicate_layout 1305:Track group: Replicated Group ['D-Flip Flop', 'D-Latch', 'nand_gate3'], src group:Replicated Group ['SR-Latch1', 'nand_gate']
02-19 19:02:51 com_github_MitjaNemec_ReplicateLayout.replicate_layout 1305:Track group: Replicated Group ['D-Flip Flop', 'D-Latch', 'nand_gate3'], src group:Replicated Group ['SR-Latch1', 'nand_gate']
02-19 19:02:51 com_github_MitjaNemec_ReplicateLayout.replicate_layout 1305:Track group: Replicated Group ['D-Flip Flop', 'D-Latch', 'nand_gate3'], src group:Replicated Group ['SR-Latch1', 'nand_gate']
02-19 19:02:51 com_github_MitjaNemec_ReplicateLayout.replicate_layout 1305:Track group: Replicated Group ['D-Flip Flop', 'D-Latch', 'nand_gate3'], src group:Replicated Group ['SR-Latch1', 'nand_gate']
02-19 19:02:51 com_github_MitjaNemec_ReplicateLayout.replicate_layout 1305:Track group: Replicated Group ['D-Flip Flop', 'D-Latch', 'nand_gate3'], src group:Replicated Group ['SR-Latch1', 'nand_gate']
02-19 19:02:51 com_github_MitjaNemec_ReplicateLayout.replicate_layout 1305:Track group: Replicated Group ['D-Flip Flop', 'D-Latch', 'nand_gate3'], src group:Replicated Group ['SR-Latch1', 'nand_gate']
02-19 19:02:51 com_github_MitjaNemec_ReplicateLayout.replicate_layout 1305:Track group: Replicated Group ['D-Flip Flop', 'D-Latch', 'nand_gate3'], src group:Replicated Group ['SR-Latch1', 'nand_gate']
02-19 19:02:51 com_github_MitjaNemec_ReplicateLayout.replicate_layout 1305:Track group: Replicated Group ['D-Flip Flop', 'D-Latch', 'nand_gate3'], src group:Replicated Group ['SR-Latch1', 'nand_gate']
02-19 19:02:51 com_github_MitjaNemec_ReplicateLayout.replicate_layout 1305:Track group: Replicated Group ['D-Flip Flop', 'D-Latch', 'nand_gate3'], src group:Replicated Group ['SR-Latch1', 'nand_gate']
02-19 19:02:51 com_github_MitjaNemec_ReplicateLayout.replicate_layout 1305:Track group: Replicated Group ['D-Flip Flop', 'D-Latch', 'nand_gate2'], src group:Replicated Group ['SR-Latch1', 'nand_gate']
02-19 19:02:51 com_github_MitjaNemec_ReplicateLayout.replicate_layout 1305:Track group: Replicated Group ['D-Flip Flop', 'D-Latch', 'nand_gate2'], src group:Replicated Group ['SR-Latch1', 'nand_gate']
02-19 19:02:51 com_github_MitjaNemec_ReplicateLayout.replicate_layout 1305:Track group: Replicated Group ['D-Flip Flop', 'D-Latch', 'nand_gate2'], src group:Replicated Group ['SR-Latch1', 'nand_gate']
02-19 19:02:51 com_github_MitjaNemec_ReplicateLayout.replicate_layout 1305:Track group: Replicated Group ['D-Flip Flop', 'D-Latch', 'nand_gate2'], src group:Replicated Group ['SR-Latch1', 'nand_gate']
02-19 19:02:51 com_github_MitjaNemec_ReplicateLayout.replicate_layout 1305:Track group: Replicated Group ['D-Flip Flop', 'D-Latch', 'nand_gate2'], src group:Replicated Group ['SR-Latch1', 'nand_gate']
02-19 19:02:51 com_github_MitjaNemec_ReplicateLayout.replicate_layout 1305:Track group: Replicated Group ['D-Flip Flop', 'D-Latch', 'nand_gate2'], src group:Replicated Group ['SR-Latch1', 'nand_gate']
02-19 19:02:51 com_github_MitjaNemec_ReplicateLayout.replicate_layout 1305:Track group: Replicated Group ['D-Flip Flop', 'D-Latch', 'nand_gate2'], src group:Replicated Group ['SR-Latch1', 'nand_gate']
02-19 19:02:51 com_github_MitjaNemec_ReplicateLayout.replicate_layout 1305:Track group: Replicated Group ['D-Flip Flop', 'D-Latch', 'nand_gate2'], src group:Replicated Group ['SR-Latch1', 'nand_gate']
02-19 19:02:51 com_github_MitjaNemec_ReplicateLayout.replicate_layout 1305:Track group: Replicated Group ['D-Flip Flop', 'D-Latch', 'nand_gate2'], src group:Replicated Group ['SR-Latch1', 'nand_gate']
02-19 19:02:51 com_github_MitjaNemec_ReplicateLayout.replicate_layout 1305:Track group: Replicated Group ['D-Flip Flop', 'D-Latch', 'nand_gate2'], src group:Replicated Group ['SR-Latch1', 'nand_gate']
02-19 19:02:51 com_github_MitjaNemec_ReplicateLayout.replicate_layout 1305:Track group: Replicated Group ['D-Flip Flop', 'D-Latch', 'nand_gate2'], src group:Replicated Group ['SR-Latch1', 'nand_gate']
02-19 19:02:51 com_github_MitjaNemec_ReplicateLayout.replicate_layout 1305:Track group: Replicated Group ['D-Flip Flop', 'D-Latch', 'nand_gate2'], src group:Replicated Group ['SR-Latch1', 'nand_gate']
02-19 19:02:51 com_github_MitjaNemec_ReplicateLayout.replicate_layout 1305:Track group: Replicated Group ['D-Flip Flop', 'D-Latch', 'nand_gate2'], src group:Replicated Group ['SR-Latch1', 'nand_gate']
02-19 19:02:51 com_github_MitjaNemec_ReplicateLayout.replicate_layout 1305:Track group: Replicated Group ['D-Flip Flop', 'D-Latch', 'SR-Latch', 'nand_gate1'], src group:Replicated Group ['SR-Latch1', 'nand_gate']
02-19 19:02:51 com_github_MitjaNemec_ReplicateLayout.replicate_layout 1305:Track group: Replicated Group ['D-Flip Flop', 'D-Latch', 'SR-Latch', 'nand_gate1'], src group:Replicated Group ['SR-Latch1', 'nand_gate']
02-19 19:02:51 com_github_MitjaNemec_ReplicateLayout.replicate_layout 1305:Track group: Replicated Group ['D-Flip Flop', 'D-Latch', 'SR-Latch', 'nand_gate1'], src group:Replicated Group ['SR-Latch1', 'nand_gate']
02-19 19:02:51 com_github_MitjaNemec_ReplicateLayout.replicate_layout 1305:Track group: Replicated Group ['D-Flip Flop', 'D-Latch', 'SR-Latch', 'nand_gate1'], src group:Replicated Group ['SR-Latch1', 'nand_gate']
02-19 19:02:51 com_github_MitjaNemec_ReplicateLayout.replicate_layout 1305:Track group: Replicated Group ['D-Flip Flop', 'D-Latch', 'SR-Latch', 'nand_gate1'], src group:Replicated Group ['SR-Latch1', 'nand_gate']
02-19 19:02:51 com_github_MitjaNemec_ReplicateLayout.replicate_layout 1305:Track group: Replicated Group ['D-Flip Flop', 'D-Latch', 'SR-Latch', 'nand_gate1'], src group:Replicated Group ['SR-Latch1', 'nand_gate']
02-19 19:02:51 com_github_MitjaNemec_ReplicateLayout.replicate_layout 1305:Track group: Replicated Group ['D-Flip Flop', 'D-Latch', 'SR-Latch', 'nand_gate1'], src group:Replicated Group ['SR-Latch1', 'nand_gate']
02-19 19:02:51 com_github_MitjaNemec_ReplicateLayout.replicate_layout 1305:Track group: Replicated Group ['D-Flip Flop', 'D-Latch', 'SR-Latch', 'nand_gate1'], src group:Replicated Group ['SR-Latch1', 'nand_gate']
02-19 19:02:51 com_github_MitjaNemec_ReplicateLayout.replicate_layout 1305:Track group: Replicated Group ['D-Flip Flop', 'D-Latch', 'SR-Latch', 'nand_gate1'], src group:Replicated Group ['SR-Latch1', 'nand_gate']
02-19 19:02:51 com_github_MitjaNemec_ReplicateLayout.replicate_layout 1305:Track group: Replicated Group ['D-Flip Flop', 'D-Latch', 'SR-Latch', 'nand_gate1'], src group:Replicated Group ['SR-Latch1', 'nand_gate']
02-19 19:02:51 com_github_MitjaNemec_ReplicateLayout.replicate_layout 1305:Track group: Replicated Group ['D-Flip Flop', 'D-Latch', 'SR-Latch', 'nand_gate1'], src group:Replicated Group ['SR-Latch1', 'nand_gate']
02-19 19:02:51 com_github_MitjaNemec_ReplicateLayout.replicate_layout 1305:Track group: Replicated Group ['D-Flip Flop', 'D-Latch', 'SR-Latch', 'nand_gate1'], src group:Replicated Group ['SR-Latch1', 'nand_gate']
02-19 19:02:51 com_github_MitjaNemec_ReplicateLayout.replicate_layout 1305:Track group: Replicated Group ['D-Flip Flop', 'D-Latch', 'SR-Latch', 'nand_gate1'], src group:Replicated Group ['SR-Latch1', 'nand_gate']
02-19 19:02:51 com_github_MitjaNemec_ReplicateLayout.replicate_layout 1305:Track group: Replicated Group ['D-Flip Flop', 'D-Latch', 'SR-Latch', 'nand_gate'], src group:Replicated Group ['SR-Latch1', 'nand_gate']
02-19 19:02:51 com_github_MitjaNemec_ReplicateLayout.replicate_layout 1305:Track group: Replicated Group ['D-Flip Flop', 'D-Latch', 'SR-Latch', 'nand_gate'], src group:Replicated Group ['SR-Latch1', 'nand_gate']
02-19 19:02:51 com_github_MitjaNemec_ReplicateLayout.replicate_layout 1305:Track group: Replicated Group ['D-Flip Flop', 'D-Latch', 'SR-Latch', 'nand_gate'], src group:Replicated Group ['SR-Latch1', 'nand_gate']
02-19 19:02:51 com_github_MitjaNemec_ReplicateLayout.replicate_layout 1305:Track group: Replicated Group ['D-Flip Flop', 'D-Latch', 'SR-Latch', 'nand_gate'], src group:Replicated Group ['SR-Latch1', 'nand_gate']
02-19 19:02:51 com_github_MitjaNemec_ReplicateLayout.replicate_layout 1305:Track group: Replicated Group ['D-Flip Flop', 'D-Latch', 'SR-Latch', 'nand_gate'], src group:Replicated Group ['SR-Latch1', 'nand_gate']
02-19 19:02:51 com_github_MitjaNemec_ReplicateLayout.replicate_layout 1305:Track group: Replicated Group ['D-Flip Flop', 'D-Latch', 'SR-Latch', 'nand_gate'], src group:Replicated Group ['SR-Latch1', 'nand_gate']
02-19 19:02:51 com_github_MitjaNemec_ReplicateLayout.replicate_layout 1305:Track group: Replicated Group ['D-Flip Flop', 'D-Latch', 'SR-Latch', 'nand_gate'], src group:Replicated Group ['SR-Latch1', 'nand_gate']
02-19 19:02:51 com_github_MitjaNemec_ReplicateLayout.replicate_layout 1305:Track group: Replicated Group ['D-Flip Flop', 'D-Latch', 'SR-Latch', 'nand_gate'], src group:Replicated Group ['SR-Latch1', 'nand_gate']
02-19 19:02:51 com_github_MitjaNemec_ReplicateLayout.replicate_layout 1305:Track group: Replicated Group ['D-Flip Flop', 'D-Latch', 'SR-Latch', 'nand_gate'], src group:Replicated Group ['SR-Latch1', 'nand_gate']
02-19 19:02:51 com_github_MitjaNemec_ReplicateLayout.replicate_layout 1305:Track group: Replicated Group ['D-Flip Flop', 'D-Latch', 'SR-Latch', 'nand_gate'], src group:Replicated Group ['SR-Latch1', 'nand_gate']
02-19 19:02:51 com_github_MitjaNemec_ReplicateLayout.replicate_layout 1305:Track group: Replicated Group ['D-Flip Flop', 'D-Latch', 'SR-Latch', 'nand_gate'], src group:Replicated Group ['SR-Latch1', 'nand_gate']
02-19 19:02:51 com_github_MitjaNemec_ReplicateLayout.replicate_layout 1305:Track group: Replicated Group ['D-Flip Flop', 'D-Latch', 'SR-Latch', 'nand_gate'], src group:Replicated Group ['SR-Latch1', 'nand_gate']
02-19 19:02:51 com_github_MitjaNemec_ReplicateLayout.replicate_layout 1305:Track group: Replicated Group ['D-Flip Flop', 'D-Latch', 'SR-Latch', 'nand_gate'], src group:Replicated Group ['SR-Latch1', 'nand_gate']
02-19 19:02:51 com_github_MitjaNemec_ReplicateLayout.replicate_layout 1305:Track group: , src group:Replicated Group ['SR-Latch1', 'nand_gate']
02-19 19:02:51 com_github_MitjaNemec_ReplicateLayout.replicate_layout 1305:Track group: , src group:Replicated Group ['SR-Latch1', 'nand_gate']
02-19 19:02:51 com_github_MitjaNemec_ReplicateLayout.replicate_layout 1305:Track group: , src group:Replicated Group ['SR-Latch1', 'nand_gate']
02-19 19:02:51 com_github_MitjaNemec_ReplicateLayout.replicate_layout 1305:Track group: , src group:Replicated Group ['SR-Latch1', 'nand_gate']
02-19 19:02:51 com_github_MitjaNemec_ReplicateLayout.replicate_layout 1305:Track group: , src group:Replicated Group ['SR-Latch1', 'nand_gate']
02-19 19:02:51 com_github_MitjaNemec_ReplicateLayout.replicate_layout 1305:Track group: , src group:Replicated Group ['SR-Latch1', 'nand_gate']
02-19 19:02:51 com_github_MitjaNemec_ReplicateLayout.replicate_layout 1305:Track group: , src group:Replicated Group ['SR-Latch1', 'nand_gate']
02-19 19:02:51 com_github_MitjaNemec_ReplicateLayout.replicate_layout 1305:Track group: , src group:Replicated Group ['SR-Latch1', 'nand_gate']
02-19 19:02:51 com_github_MitjaNemec_ReplicateLayout.replicate_layout 1305:Track group: , src group:Replicated Group ['SR-Latch1', 'nand_gate']
02-19 19:02:51 com_github_MitjaNemec_ReplicateLayout.replicate_layout 1305:Track group: , src group:Replicated Group ['SR-Latch1', 'nand_gate']
02-19 19:02:51 com_github_MitjaNemec_ReplicateLayout.replicate_layout 1305:Track group: , src group:Replicated Group ['SR-Latch1', 'nand_gate']
02-19 19:02:51 com_github_MitjaNemec_ReplicateLayout.replicate_layout 1305:Track group: , src group:Replicated Group ['SR-Latch1', 'nand_gate']
02-19 19:02:51 com_github_MitjaNemec_ReplicateLayout.replicate_layout 1305:Track group: , src group:Replicated Group ['SR-Latch1', 'nand_gate']
02-19 19:02:58 com_github_MitjaNemec_ReplicateLayout.replicate_layout 424:constructing a list of sheets suitable for replication on level:'SR-Latch1', file:'C:\\Projects\\sandbox\\Sandbox\\nand_gate\\SR_LATCH.kicad_sch'
02-19 19:02:58 com_github_MitjaNemec_ReplicateLayout.replicate_layout 461:suitable sheets are:[['D-Flip Flop', 'D-Latch', 'SR-Latch'], ['D-Flip Flop', 'D-Latch1', 'SR-Latch'], ['D-Latch2', 'SR-Latch']]
02-19 19:02:58 com_github_MitjaNemec_ReplicateLayout.replicate_layout 1464:Level selected: ['SR-Latch1']
02-19 19:02:58 com_github_MitjaNemec_ReplicateLayout.replicate_layout 1299:Filtering list of tracks
02-19 19:03:04 com_github_MitjaNemec_ReplicateLayout.replicate_layout 424:constructing a list of sheets suitable for replication on level:'SR-Latch1', file:'C:\\Projects\\sandbox\\Sandbox\\nand_gate\\SR_LATCH.kicad_sch'
02-19 19:03:04 com_github_MitjaNemec_ReplicateLayout.replicate_layout 461:suitable sheets are:[['D-Flip Flop', 'D-Latch', 'SR-Latch'], ['D-Flip Flop', 'D-Latch1', 'SR-Latch'], ['D-Latch2', 'SR-Latch']]
02-19 19:03:04 com_github_MitjaNemec_ReplicateLayout.replicate_layout 1464:Level selected: ['SR-Latch1']
02-19 19:03:04 com_github_MitjaNemec_ReplicateLayout.replicate_layout 1299:Filtering list of tracks
02-19 19:03:05 com_github_MitjaNemec_ReplicateLayout.replicate_layout 424:constructing a list of sheets suitable for replication on level:'SR-Latch1', file:'C:\\Projects\\sandbox\\Sandbox\\nand_gate\\SR_LATCH.kicad_sch'
02-19 19:03:05 com_github_MitjaNemec_ReplicateLayout.replicate_layout 461:suitable sheets are:[['D-Flip Flop', 'D-Latch', 'SR-Latch'], ['D-Flip Flop', 'D-Latch1', 'SR-Latch'], ['D-Latch2', 'SR-Latch']]
02-19 19:03:06 com_github_MitjaNemec_ReplicateLayout.replicate_layout 1464:Level selected: ['SR-Latch1']
02-19 19:03:06 com_github_MitjaNemec_ReplicateLayout.replicate_layout 1299:Filtering list of tracks
02-19 19:03:14 com_github_MitjaNemec_ReplicateLayout.replicate_layout 424:constructing a list of sheets suitable for replication on level:'SR-Latch1', file:'C:\\Projects\\sandbox\\Sandbox\\nand_gate\\SR_LATCH.kicad_sch'
02-19 19:03:14 com_github_MitjaNemec_ReplicateLayout.replicate_layout 461:suitable sheets are:[['D-Flip Flop', 'D-Latch', 'SR-Latch'], ['D-Flip Flop', 'D-Latch1', 'SR-Latch'], ['D-Latch2', 'SR-Latch']]
02-19 19:03:14 com_github_MitjaNemec_ReplicateLayout.action_replicate_layout 240:Replicating layout
02-19 19:03:14 com_github_MitjaNemec_ReplicateLayout.replicate_layout 240:Starting replication of sheets: [['D-Flip Flop', 'D-Latch', 'SR-Latch'], ['D-Flip Flop', 'D-Latch1', 'SR-Latch']]
on level: ['SR-Latch1']
with tracks=True, zone=True, text=True, text=True, intersecting=False, remove=False, locked footprints=False, group_only=False
02-19 19:03:14 root 332:updating GUI message: 'Preparing for replication'
02-19 19:03:14 root 337:updating GUI with: 0
02-19 19:03:14 com_github_MitjaNemec_ReplicateLayout.replicate_layout 310:Getting the list of source footprints
02-19 19:03:14 com_github_MitjaNemec_ReplicateLayout.replicate_layout 320:Getting the list of all the remaining footprints
02-19 19:03:14 com_github_MitjaNemec_ReplicateLayout.replicate_layout 327:Getting source tracks
02-19 19:03:14 com_github_MitjaNemec_ReplicateLayout.replicate_layout 1299:Filtering list of tracks
02-19 19:03:14 com_github_MitjaNemec_ReplicateLayout.replicate_layout 331:Getting source zones
02-19 19:03:14 com_github_MitjaNemec_ReplicateLayout.replicate_layout 335:Getting source text items
02-19 19:03:14 com_github_MitjaNemec_ReplicateLayout.replicate_layout 339:Getting source drawing items
